<?xml version="1.0" encoding="UTF-8"?>
<!-- Generated by org.testng.reporters.JUnitReportReporter -->
<testsuite skipped="0" hostname="DESKTOP-8VARECG" name="ui.DataProviderDemo" tests="4" failures="0" timestamp="05 Dec 2020 18:04:55 GMT" time="0.029" errors="0">
  <testcase name="DataTest" time="0.002" classname="ui.DataProviderDemo"/>
  <testcase name="DataTest" time="0.008" classname="ui.DataProviderDemo"/>
  <testcase name="DataTest" time="0.017" classname="ui.DataProviderDemo"/>
  <testcase name="DataTest" time="0.002" classname="ui.DataProviderDemo"/>
</testsuite> <!-- ui.DataProviderDemo -->
