<?xml version="1.0" encoding="UTF-8"?>
<!-- Generated by org.testng.reporters.JUnitReportReporter -->
<testsuite skipped="0" hostname="DESKTOP-8VARECG" name="ui.TitleTest" tests="1" failures="0" timestamp="05 Dec 2020 09:04:26 GMT" time="7.299" errors="0">
  <testcase name="verifyTitleTest" time="7.299" classname="ui.TitleTest"/>
</testsuite> <!-- ui.TitleTest -->
