<?xml version="1.0" encoding="UTF-8"?>
<!-- Generated by org.testng.reporters.JUnitReportReporter -->
<testsuite skipped="2" hostname="DESKTOP-8VARECG" name="ui.SkipTestDemo" tests="3" failures="0" timestamp="05 Dec 2020 08:33:22 GMT" time="0.034" errors="0">
  <testcase name="skipTest3" time="0.011" classname="ui.SkipTestDemo"/>
  <testcase name="skipTest2" time="0.023" classname="ui.SkipTestDemo">
    <skipped/>
  </testcase> <!-- skipTest2 -->
  <testcase name="skipTest" classname="ui.SkipTestDemo">
    <skipped/>
  </testcase> <!-- skipTest -->
</testsuite> <!-- ui.SkipTestDemo -->
