<?xml version="1.0" encoding="UTF-8"?>
<!-- Generated by org.testng.reporters.JUnitReportReporter -->
<testsuite skipped="0" hostname="DESKTOP-8VARECG" name="ui.LoginTest" tests="2" failures="0" timestamp="05 Dec 2020 05:41:04 GMT" time="0.018" errors="0">
  <testcase name="LogoutTest" time="0.013" classname="ui.LoginTest"/>
  <testcase name="LoginTest" time="0.005" classname="ui.LoginTest"/>
</testsuite> <!-- ui.LoginTest -->
