<?xml version="1.0" encoding="UTF-8"?>
<!-- Generated by org.testng.reporters.JUnitReportReporter -->
<testsuite skipped="0" hostname="DESKTOP-8VARECG" name="ui.DataProviderDemo" tests="12" failures="0" timestamp="07 Dec 2020 06:51:30 GMT" time="0.082" errors="0">
  <testcase name="DataTest2" time="0.008" classname="ui.DataProviderDemo"/>
  <testcase name="DataTest2" time="0.008" classname="ui.DataProviderDemo"/>
  <testcase name="DataTest" time="0.008" classname="ui.DataProviderDemo"/>
  <testcase name="DataTest" time="0.016" classname="ui.DataProviderDemo"/>
  <testcase name="DataTest3" time="0.010" classname="ui.DataProviderDemo"/>
  <testcase name="DataTest2" time="0.000" classname="ui.DataProviderDemo"/>
  <testcase name="DataTest3" time="0.008" classname="ui.DataProviderDemo"/>
  <testcase name="DataTest3" time="0.008" classname="ui.DataProviderDemo"/>
  <testcase name="DataTest" time="0.000" classname="ui.DataProviderDemo"/>
  <testcase name="DataTest" time="0.000" classname="ui.DataProviderDemo"/>
  <testcase name="DataTest2" time="0.008" classname="ui.DataProviderDemo"/>
  <testcase name="DataTest3" time="0.008" classname="ui.DataProviderDemo"/>
</testsuite> <!-- ui.DataProviderDemo -->
