<?xml version="1.0" encoding="UTF-8"?>
<!-- Generated by org.testng.reporters.JUnitReportReporter -->
<testsuite skipped="0" hostname="DESKTOP-8VARECG" name="ui.TitleTest" tests="1" failures="0" timestamp="04 Dec 2020 11:27:37 GMT" time="7.037" errors="0">
  <testcase name="verifyTitleTest" time="7.037" classname="ui.TitleTest"/>
</testsuite> <!-- ui.TitleTest -->
