<?xml version="1.0" encoding="UTF-8"?>
<!-- Generated by org.testng.reporters.JUnitReportReporter -->
<testsuite skipped="0" hostname="DESKTOP-8VARECG" name="ui.GroupDemoTest3" tests="4" failures="0" timestamp="05 Dec 2020 09:04:26 GMT" time="0.023" errors="0">
  <testcase name="startTest" time="0.013" classname="ui.GroupDemoTest3"/>
  <testcase name="stopTest" time="0.002" classname="ui.GroupDemoTest3"/>
  <testcase name="LogoutTest" time="0.003" classname="ui.GroupDemoTest3"/>
  <testcase name="LoginTest" time="0.005" classname="ui.GroupDemoTest3"/>
</testsuite> <!-- ui.GroupDemoTest3 -->
