<?xml version="1.0" encoding="UTF-8"?>
<!-- Generated by org.testng.reporters.JUnitReportReporter -->
<testsuite skipped="0" hostname="DESKTOP-8VARECG" name="ui.DataProvider2" tests="4" failures="0" timestamp="07 Dec 2020 06:31:45 GMT" time="29.138" errors="0">
  <testcase name="DataTest" time="4.120" classname="ui.DataProvider2"/>
  <testcase name="DataTest" time="10.142" classname="ui.DataProvider2"/>
  <testcase name="DataTest" time="10.437" classname="ui.DataProvider2"/>
  <testcase name="DataTest" time="4.439" classname="ui.DataProvider2"/>
</testsuite> <!-- ui.DataProvider2 -->
