<?xml version="1.0" encoding="UTF-8"?>
<!-- Generated by org.testng.reporters.JUnitReportReporter -->
<testsuite skipped="0" hostname="DESKTOP-8VARECG" name="ui.LoginTestGeneric" tests="1" failures="0" timestamp="07 Dec 2020 07:27:25 GMT" time="15.904" errors="0">
  <testcase name="launchApp" time="15.904" classname="ui.LoginTestGeneric"/>
</testsuite> <!-- ui.LoginTestGeneric -->
