<?xml version="1.0" encoding="UTF-8"?>
<!-- Generated by org.testng.reporters.JUnitReportReporter -->
<testsuite skipped="0" hostname="DESKTOP-8VARECG" name="ui.GroupDemoTest" tests="2" failures="0" timestamp="05 Dec 2020 09:04:26 GMT" time="0.011" errors="0">
  <testcase name="stopTest" time="0.008" classname="ui.GroupDemoTest"/>
  <testcase name="LoginTest" time="0.003" classname="ui.GroupDemoTest"/>
</testsuite> <!-- ui.GroupDemoTest -->
