<?xml version="1.0" encoding="UTF-8"?>
<!-- Generated by org.testng.reporters.JUnitReportReporter -->
<testsuite skipped="0" hostname="DESKTOP-8VARECG" name="ui.LoginTestGeneric" tests="1" failures="0" timestamp="07 Dec 2020 07:10:51 GMT" time="26.313" errors="0">
  <testcase name="launchApp" time="26.313" classname="ui.LoginTestGeneric"/>
</testsuite> <!-- ui.LoginTestGeneric -->
